<?xml version="1.0" encoding="UTF-8"?>
<!-- Generated by org.testng.reporters.JUnitReportReporter -->
<testsuite hostname="Aj" failures="3" tests="24" name="testRunner.TestRunner" time="20.490" errors="0" timestamp="2025-08-13T12:21:08 IST" skipped="0">
  <testcase classname="testRunner.TestRunner" name="runScenario" time="1.811"/>
  <testcase classname="testRunner.TestRunner" name="runScenario" time="0.057"/>
  <testcase classname="testRunner.TestRunner" name="runScenario" time="0.057"/>
  <testcase classname="testRunner.TestRunner" name="runScenario" time="0.050"/>
  <testcase classname="testRunner.TestRunner" name="runScenario" time="0.059"/>
  <testcase classname="testRunner.TestRunner" name="runScenario" time="0.058"/>
  <testcase classname="testRunner.TestRunner" name="runScenario" time="0.659"/>
  <testcase classname="testRunner.TestRunner" name="runScenario" time="0.061"/>
  <testcase classname="testRunner.TestRunner" name="runScenario" time="0.679"/>
  <testcase classname="testRunner.TestRunner" name="runScenario" time="0.634"/>
  <testcase classname="testRunner.TestRunner" name="runScenario" time="0.620"/>
  <testcase classname="testRunner.TestRunner" name="runScenario" time="0.736"/>
  <testcase classname="testRunner.TestRunner" name="runScenario" time="10.752"/>
  <testcase classname="testRunner.TestRunner" name="runScenario" time="0.809">
    <failure message="BUG FOUND: The check-in date error element was not found. This is a functional bug (no past date validation)." type="java.lang.AssertionError">
      <![CDATA[java.lang.AssertionError: BUG FOUND: The check-in date error element was not found. This is a functional bug (no past date validation).
at org.testng.Assert.fail(Assert.java:111)
at Stepdefinitions.HotelBookingSteps.the_checkin_date_validation_should_be(HotelBookingSteps.java:82)
at ✽.the check-in date validation should be "invalid"(file:///C:/Users/H%20P/Downloads/EventManagementSystem/EventManagementSystem/src/test/resources/Features/HotelBookingInputFormat.feature:19)
]]>
    </failure>
  </testcase> <!-- runScenario -->
  <testcase classname="testRunner.TestRunner" name="runScenario" time="0.056"/>
  <testcase classname="testRunner.TestRunner" name="runScenario" time="0.053"/>
  <testcase classname="testRunner.TestRunner" name="runScenario" time="0.061"/>
  <testcase classname="testRunner.TestRunner" name="runScenario" time="0.803">
    <failure message="BUG FOUND: The phone number error message element could not be found. The form likely submitted incorrectly." type="java.lang.AssertionError">
      <![CDATA[java.lang.AssertionError: BUG FOUND: The phone number error message element could not be found. The form likely submitted incorrectly.
at org.testng.Assert.fail(Assert.java:111)
at Stepdefinitions.HotelBookingSteps.the_phone_number_validation_should_be(HotelBookingSteps.java:53)
at ✽.the phone number validation should be "invalid"(file:///C:/Users/H%20P/Downloads/EventManagementSystem/EventManagementSystem/src/test/resources/Features/HotelBookingInputFormat.feature:8)
]]>
    </failure>
  </testcase> <!-- runScenario -->
  <testcase classname="testRunner.TestRunner" name="runScenario" time="0.072"/>
  <testcase classname="testRunner.TestRunner" name="runScenario" time="0.110"/>
  <testcase classname="testRunner.TestRunner" name="runScenario" time="0.218"/>
  <testcase classname="testRunner.TestRunner" name="runScenario" time="0.772"/>
  <testcase classname="testRunner.TestRunner" name="runScenario" time="0.651"/>
  <testcase classname="testRunner.TestRunner" name="runScenario" time="0.652">
    <failure message="From field validation missing. expected [false] but found [true]" type="java.lang.AssertionError">
      <![CDATA[java.lang.AssertionError: From field validation missing. expected [false] but found [true]
at org.testng.Assert.fail(Assert.java:111)
at org.testng.Assert.failNotEquals(Assert.java:1590)
at org.testng.Assert.assertFalse(Assert.java:79)
at Stepdefinitions.TicketBookingSteps.all_required_validation_errors_should_appear(TicketBookingSteps.java:59)
at ✽.validation errors should appear for all required fields(file:///C:/Users/H%20P/Downloads/EventManagementSystem/EventManagementSystem/src/test/resources/Features/TicketBookingInputFormat.feature:7)
]]>
    </failure>
  </testcase> <!-- runScenario -->
</testsuite> <!-- testRunner.TestRunner -->
